<?xml version="1.0" encoding="UTF-8"?>
<!-- Generated by org.testng.reporters.JUnitXMLReporter -->
<testsuite ignored="0" hostname="Chakrapani-Chandana" failures="0" tests="4" name="Surefire test" time="28.974" errors="0" timestamp="2024-08-19T11:23:53 IST">
  <testcase classname="BharatPractice.Tests.ErrorValidationTest" name="loginErrorValidaton" time="1.319"/>
  <testcase classname="BharatPractice.Tests.SubmitOrderTest" name="submitOrder" time="4.829"/>
  <testcase classname="BharatPractice.Tests.SubmitOrderTest" name="submitOrder" time="4.516"/>
  <testcase classname="BharatPractice.Tests.SubmitOrderTest" name="OrderHistoryTest" time="1.58"/>
</testsuite> <!-- Surefire test -->
