<?xml version="1.0" encoding="UTF-8"?>
<!-- Generated by org.testng.reporters.JUnitXMLReporter -->
<testsuite ignored="0" hostname="Chakrapani-Chandana" failures="0" tests="3" name="Default test" time="40.591" errors="0" timestamp="2024-08-19T10:23:25 IST">
  <testcase classname="BharatPractice.Tests.SubmitOrderTest" name="submitOrder" time="4.797"/>
  <testcase classname="BharatPractice.Tests.SubmitOrderTest" name="submitOrder" time="4.399"/>
  <testcase classname="BharatPractice.Tests.SubmitOrderTest" name="OrderHistoryTest" time="1.365"/>
</testsuite> <!-- Default test -->
