<?xml version="1.0" encoding="UTF-8"?>
<testng-results ignored="0" total="4" passed="4" failed="0" skipped="0">
  <reporter-output>
  </reporter-output>
  <suite started-at="2024-08-19T11:23:24 IST" name="Surefire suite" finished-at="2024-08-19T11:23:53 IST" duration-ms="28974">
    <groups>
      <group name="Purchase">
        <method signature="SubmitOrderTest.submitOrder(java.util.HashMap)[pri:0, instance:BharatPractice.Tests.SubmitOrderTest@36328d33]" name="submitOrder" class="BharatPractice.Tests.SubmitOrderTest"/>
      </group> <!-- Purchase -->
    </groups>
    <test started-at="2024-08-19T11:23:24 IST" name="Surefire test" finished-at="2024-08-19T11:23:53 IST" duration-ms="28974">
      <class name="BharatPractice.Tests.ErrorValidationTest">
        <test-method is-config="true" signature="launchApplication()[pri:0, instance:BharatPractice.Tests.ErrorValidationTest@34c01041]" started-at="2024-08-19T11:23:25 IST" name="launchApplication" finished-at="2024-08-19T11:23:30 IST" duration-ms="5703" status="PASS">
          <reporter-output>
          </reporter-output>
        </test-method> <!-- launchApplication -->
        <test-method signature="loginErrorValidaton()[pri:0, instance:BharatPractice.Tests.ErrorValidationTest@34c01041]" started-at="2024-08-19T11:23:30 IST" name="loginErrorValidaton" finished-at="2024-08-19T11:23:32 IST" duration-ms="1319" status="PASS">
          <reporter-output>
          </reporter-output>
        </test-method> <!-- loginErrorValidaton -->
        <test-method is-config="true" signature="tearDown()[pri:0, instance:BharatPractice.Tests.ErrorValidationTest@34c01041]" started-at="2024-08-19T11:23:32 IST" name="tearDown" finished-at="2024-08-19T11:23:32 IST" duration-ms="240" status="PASS">
          <reporter-output>
          </reporter-output>
        </test-method> <!-- tearDown -->
      </class> <!-- BharatPractice.Tests.ErrorValidationTest -->
      <class name="BharatPractice.Tests.SubmitOrderTest">
        <test-method is-config="true" signature="launchApplication()[pri:0, instance:BharatPractice.Tests.SubmitOrderTest@36328d33]" started-at="2024-08-19T11:23:32 IST" name="launchApplication" finished-at="2024-08-19T11:23:36 IST" duration-ms="3389" status="PASS">
          <reporter-output>
          </reporter-output>
        </test-method> <!-- launchApplication -->
        <test-method signature="submitOrder(java.util.HashMap)[pri:0, instance:BharatPractice.Tests.SubmitOrderTest@36328d33]" started-at="2024-08-19T11:23:36 IST" name="submitOrder" data-provider="getData" finished-at="2024-08-19T11:23:41 IST" duration-ms="4829" status="PASS">
          <params>
            <param index="0">
              <value>
                <![CDATA[{password=Bharat@1234, email=bharat1234@gmail.com, productName=ZARA COAT 3}]]>
              </value>
            </param>
          </params>
          <reporter-output>
          </reporter-output>
        </test-method> <!-- submitOrder -->
        <test-method is-config="true" signature="tearDown()[pri:0, instance:BharatPractice.Tests.SubmitOrderTest@36328d33]" started-at="2024-08-19T11:23:41 IST" name="tearDown" finished-at="2024-08-19T11:23:41 IST" duration-ms="270" status="PASS">
          <reporter-output>
          </reporter-output>
        </test-method> <!-- tearDown -->
        <test-method is-config="true" signature="launchApplication()[pri:0, instance:BharatPractice.Tests.SubmitOrderTest@36328d33]" started-at="2024-08-19T11:23:41 IST" name="launchApplication" finished-at="2024-08-19T11:23:44 IST" duration-ms="3154" status="PASS">
          <reporter-output>
          </reporter-output>
        </test-method> <!-- launchApplication -->
        <test-method signature="submitOrder(java.util.HashMap)[pri:0, instance:BharatPractice.Tests.SubmitOrderTest@36328d33]" started-at="2024-08-19T11:23:44 IST" name="submitOrder" data-provider="getData" finished-at="2024-08-19T11:23:48 IST" duration-ms="4516" status="PASS">
          <params>
            <param index="0">
              <value>
                <![CDATA[{password=Sai@1234, email=sai1234@gmail.com, productName=ADIDAS ORIGINAL}]]>
              </value>
            </param>
          </params>
          <reporter-output>
          </reporter-output>
        </test-method> <!-- submitOrder -->
        <test-method is-config="true" signature="tearDown()[pri:0, instance:BharatPractice.Tests.SubmitOrderTest@36328d33]" started-at="2024-08-19T11:23:48 IST" name="tearDown" finished-at="2024-08-19T11:23:49 IST" duration-ms="203" status="PASS">
          <reporter-output>
          </reporter-output>
        </test-method> <!-- tearDown -->
        <test-method is-config="true" signature="launchApplication()[pri:0, instance:BharatPractice.Tests.SubmitOrderTest@36328d33]" started-at="2024-08-19T11:23:49 IST" name="launchApplication" finished-at="2024-08-19T11:23:52 IST" duration-ms="3086" status="PASS">
          <reporter-output>
          </reporter-output>
        </test-method> <!-- launchApplication -->
        <test-method signature="OrderHistoryTest()[pri:0, instance:BharatPractice.Tests.SubmitOrderTest@36328d33]" started-at="2024-08-19T11:23:52 IST" name="OrderHistoryTest" finished-at="2024-08-19T11:23:53 IST" depends-on-methods="BharatPractice.Tests.SubmitOrderTest.submitOrder" duration-ms="1580" status="PASS">
          <reporter-output>
          </reporter-output>
        </test-method> <!-- OrderHistoryTest -->
        <test-method is-config="true" signature="tearDown()[pri:0, instance:BharatPractice.Tests.SubmitOrderTest@36328d33]" started-at="2024-08-19T11:23:53 IST" name="tearDown" finished-at="2024-08-19T11:23:53 IST" duration-ms="131" status="PASS">
          <reporter-output>
          </reporter-output>
        </test-method> <!-- tearDown -->
      </class> <!-- BharatPractice.Tests.SubmitOrderTest -->
    </test> <!-- Surefire test -->
  </suite> <!-- Surefire suite -->
</testng-results>
